* using log directory 'E:/CropPhenology/CropPhenology.Rcheck'
* using R version 3.3.2 (2016-10-31)
* using platform: x86_64-w64-mingw32 (64-bit)
* using session charset: ISO8859-1
* checking for file 'CropPhenology/DESCRIPTION' ... OK
* checking extension type ... Package
* this is package 'CropPhenology' version '0.1.0'
* package encoding: UTF-8
* checking package namespace information ... OK
* checking package dependencies ... NOTE
Depends: includes the non-default packages:
  'foreign' 'raster' 'sp' 'maptools' 'shapefiles' 'rgdal' 'Rcpp'
  'rgeos'
Adding so many packages to the search path is excessive and importing
selectively is preferable.
* checking if this is a source package ... OK
* checking if there is a namespace ... OK
* checking for executable files ... OK
* checking for hidden files and directories ... NOTE
Found the following hidden files and directories:
  .RData
  .Rhistory
  .gitignore
  .Rproj.user
  .git
These were most likely included in error. See section 'Package
structure' in the 'Writing R Extensions' manual.
* checking for portable file names ... OK
* checking whether package 'CropPhenology' can be installed ... WARNING
Found the following significant warnings:
  Warning: package 'sp' was built under R version 3.3.3
  Warning: package 'maptools' was built under R version 3.3.3
  Warning: package 'rgdal' was built under R version 3.3.3
  Warning: package 'Rcpp' was built under R version 3.3.3
  Warning: package 'rgeos' was built under R version 3.3.3
See 'E:/CropPhenology/CropPhenology.Rcheck/00install.out' for details.
* checking installed package size ... NOTE
  installed size is 562.4Mb
  sub-directories of 1Mb or more:
    extdata  560.9Mb
    help       1.5Mb
* checking package directory ... OK
* checking DESCRIPTION meta-information ... NOTE
Malformed Description field: should contain one or more complete sentences.
Checking should be performed on sources prepared by 'R CMD build'.
Package listed in more than one of Depends, Imports, Suggests, Enhances:
  'rgdal'
A package should be listed in only one of these fields.
* checking top-level files ... OK
* checking for left-over files ... OK
* checking index information ... OK
* checking package subdirectories ... WARNING
Found the following directory with the name of a check directory:
  ./CropPhenology.Rcheck
Most likely, these were included erroneously.
* checking R files for non-ASCII characters ... OK
* checking R files for syntax errors ... OK
* checking whether the package can be loaded ... OK
* checking whether the package can be loaded with stated dependencies ... OK
* checking whether the package can be unloaded cleanly ... OK
* checking whether the namespace can be loaded with stated dependencies ... OK
* checking whether the namespace can be unloaded cleanly ... OK
* checking dependencies in R code ... WARNING
'library' or 'require' call not declared from: 'xlsx'
'library' or 'require' calls to packages already attached by Depends:
  'maptools' 'raster' 'rgdal' 'rgeos' 'shapefiles'
  Please remove these calls from your code.
'library' or 'require' call to 'xlsx' in package code.
  Please use :: or requireNamespace() instead.
  See section 'Suggested packages' in the 'Writing R Extensions' manual.
Packages in Depends field not imported from:
  'Rcpp' 'foreign' 'maptools' 'raster' 'rgdal' 'rgeos' 'shapefiles'
  'sp'
  These packages need to be imported from (in the NAMESPACE file)
  for when this namespace is loaded but not attached.
* checking S3 generic/method consistency ... OK
* checking replacement functions ... OK
* checking foreign function calls ... OK
* checking R code for possible problems ... NOTE
MultiPointsPlot: no visible global function definition for 'read.table'
MultiPointsPlot: no visible global function definition for 'par'
MultiPointsPlot: no visible global function definition for 'ts.plot'
MultiPointsPlot: no visible global function definition for 'ts'
MultiPointsPlot: no visible global function definition for 'axis'
PhenoMetrics: no visible global function definition for
  'install.packages'
PhenoMetrics: no visible global function definition for 'stack'
PhenoMetrics: no visible global function definition for 'par'
PhenoMetrics: no visible global function definition for 'readOGR'
PhenoMetrics: no visible global function definition for 'spTransform'
PhenoMetrics: no visible global function definition for 'crs'
PhenoMetrics: no visible global function definition for 'coordinates'
PhenoMetrics: no visible global function definition for 'extract'
PhenoMetrics: no visible global function definition for 'write.csv'
PhenoMetrics: no visible global function definition for 'crop'
PhenoMetrics: no visible global function definition for 'mask'
PhenoMetrics: no visible global function definition for
  'rasterToPoints'
PhenoMetrics: no visible global function definition for 'raster'
PhenoMetrics: no visible global function definition for 'crs<-'
PhenoMetrics: no visible global function definition for 'writeRaster'
PhenoMetrics: no visible global function definition for
  'rasterToPolygons'
PhenoMetrics: no visible global function definition for 'plot'
PhenoMetrics: no visible global function definition for
  'terrain.colors'
SinglePhenology: no visible global function definition for 'ts'
Undefined global functions or variables:
  axis coordinates crop crs crs<- extract install.packages mask par
  plot raster rasterToPoints rasterToPolygons read.table readOGR
  spTransform stack terrain.colors ts ts.plot write.csv writeRaster
Consider adding
  importFrom("grDevices", "terrain.colors")
  importFrom("graphics", "axis", "par", "plot")
  importFrom("stats", "ts", "ts.plot")
  importFrom("utils", "install.packages", "read.table", "stack",
             "write.csv")
to your NAMESPACE file.
* checking Rd files ... OK
* checking Rd metadata ... OK
* checking Rd cross-references ... OK
* checking for missing documentation entries ... OK
* checking for code/documentation mismatches ... OK
* checking Rd \usage sections ... OK
* checking Rd contents ... OK
* checking for unstated dependencies in examples ... OK
* checking examples ... OK
* checking PDF version of manual ... OK
* DONE
Status: 3 WARNINGs, 5 NOTEs
